--------------------------------------------------------------------------------
Release 14.7 Trace  (nt64)
Copyright (c) 1995-2013 Xilinx, Inc.  All rights reserved.

C:\Xilinx\14.7\ISE_DS\ISE\bin\nt64\unwrapped\trce.exe -intstyle ise -v 3 -s 4
-n 3 -fastpaths -xml Dani_I_VGA_TopModel.twx Dani_I_VGA_TopModel.ncd -o
Dani_I_VGA_TopModel.twr Dani_I_VGA_TopModel.pcf -ucf mercury.ucf

Design file:              Dani_I_VGA_TopModel.ncd
Physical constraint file: Dani_I_VGA_TopModel.pcf
Device,package,speed:     xc3s200a,vq100,-4 (PRODUCTION 1.42 2013-10-13)
Report level:             verbose report

Environment Variable      Effect 
--------------------      ------ 
NONE                      No environment variables were set
--------------------------------------------------------------------------------

INFO:Timing:3412 - To improve timing, see the Timing Closure User Guide (UG612).
INFO:Timing:2752 - To get complete path coverage, use the unconstrained paths 
   option. All paths that are not constrained will be reported in the 
   unconstrained paths section(s) of the report.
INFO:Timing:3339 - The clock-to-out numbers in this timing report are based on 
   a 50 Ohm transmission line loading model.  For the details of this model, 
   and for more information on accounting for different loading conditions, 
   please see the device datasheet.
INFO:Timing:3390 - This architecture does not support a default System Jitter 
   value, please add SYSTEM_JITTER constraint to the UCF to modify the Clock 
   Uncertainty calculation.
INFO:Timing:3389 - This architecture does not support 'Discrete Jitter' and 
   'Phase Error' calculations, these terms will be zero in the Clock 
   Uncertainty calculation.  Please make appropriate modification to 
   SYSTEM_JITTER to account for the unsupported Discrete Jitter and Phase 
   Error.

================================================================================
Timing constraint: TS_CLK = PERIOD TIMEGRP "CLK" 20 ns HIGH 50%;
For more information, see Period Analysis in the Timing Closure User Guide (UG612).

 1 path analyzed, 1 endpoint analyzed, 0 failing endpoints
 0 timing errors detected. (0 setup errors, 0 hold errors, 0 component switching limit errors)
 Minimum period is   2.213ns.
--------------------------------------------------------------------------------

Paths for end point I_pixel_clock/pulse (SLICE_X21Y54.SR), 1 path
--------------------------------------------------------------------------------
Slack (setup path):     17.787ns (requirement - (data path - clock path skew + uncertainty))
  Source:               I_pixel_clock/pulse (FF)
  Destination:          I_pixel_clock/pulse (FF)
  Requirement:          20.000ns
  Data Path Delay:      2.213ns (Levels of Logic = 0)
  Clock Path Skew:      0.000ns
  Source Clock:         CLK_BUFGP rising at 0.000ns
  Destination Clock:    CLK_BUFGP rising at 20.000ns
  Clock Uncertainty:    0.000ns

  Maximum Data Path: I_pixel_clock/pulse to I_pixel_clock/pulse
    Location             Delay type         Delay(ns)  Physical Resource
                                                       Logical Resource(s)
    -------------------------------------------------  -------------------
    SLICE_X21Y54.YQ      Tcko                  0.580   I_pixel_clock/pulse1
                                                       I_pixel_clock/pulse
    SLICE_X21Y54.SR      net (fanout=2)        0.766   I_pixel_clock/pulse1
    SLICE_X21Y54.CLK     Tsrck                 0.867   I_pixel_clock/pulse1
                                                       I_pixel_clock/pulse
    -------------------------------------------------  ---------------------------
    Total                                      2.213ns (1.447ns logic, 0.766ns route)
                                                       (65.4% logic, 34.6% route)

--------------------------------------------------------------------------------

Hold Paths: TS_CLK = PERIOD TIMEGRP "CLK" 20 ns HIGH 50%;
--------------------------------------------------------------------------------

Paths for end point I_pixel_clock/pulse (SLICE_X21Y54.SR), 1 path
--------------------------------------------------------------------------------
Slack (hold path):      1.367ns (requirement - (clock path skew + uncertainty - data path))
  Source:               I_pixel_clock/pulse (FF)
  Destination:          I_pixel_clock/pulse (FF)
  Requirement:          0.000ns
  Data Path Delay:      1.367ns (Levels of Logic = 0)
  Clock Path Skew:      0.000ns
  Source Clock:         CLK_BUFGP rising at 20.000ns
  Destination Clock:    CLK_BUFGP rising at 20.000ns
  Clock Uncertainty:    0.000ns

  Minimum Data Path: I_pixel_clock/pulse to I_pixel_clock/pulse
    Location             Delay type         Delay(ns)  Physical Resource
                                                       Logical Resource(s)
    -------------------------------------------------  -------------------
    SLICE_X21Y54.YQ      Tcko                  0.464   I_pixel_clock/pulse1
                                                       I_pixel_clock/pulse
    SLICE_X21Y54.SR      net (fanout=2)        0.613   I_pixel_clock/pulse1
    SLICE_X21Y54.CLK     Tcksr       (-Th)    -0.290   I_pixel_clock/pulse1
                                                       I_pixel_clock/pulse
    -------------------------------------------------  ---------------------------
    Total                                      1.367ns (0.754ns logic, 0.613ns route)
                                                       (55.2% logic, 44.8% route)

--------------------------------------------------------------------------------

Component Switching Limit Checks: TS_CLK = PERIOD TIMEGRP "CLK" 20 ns HIGH 50%;
--------------------------------------------------------------------------------
Slack: 18.518ns (period - (min low pulse limit / (low pulse / period)))
  Period: 20.000ns
  Low pulse: 10.000ns
  Low pulse limit: 0.741ns (Tcl)
  Physical resource: I_pixel_clock/pulse1/CLK
  Logical resource: I_pixel_clock/pulse/CK
  Location pin: SLICE_X21Y54.CLK
  Clock network: CLK_BUFGP
--------------------------------------------------------------------------------
Slack: 18.518ns (period - (min high pulse limit / (high pulse / period)))
  Period: 20.000ns
  High pulse: 10.000ns
  High pulse limit: 0.741ns (Tch)
  Physical resource: I_pixel_clock/pulse1/CLK
  Logical resource: I_pixel_clock/pulse/CK
  Location pin: SLICE_X21Y54.CLK
  Clock network: CLK_BUFGP
--------------------------------------------------------------------------------
Slack: 18.518ns (period - min period limit)
  Period: 20.000ns
  Min period limit: 1.482ns (674.764MHz) (Tcp)
  Physical resource: I_pixel_clock/pulse1/CLK
  Logical resource: I_pixel_clock/pulse/CK
  Location pin: SLICE_X21Y54.CLK
  Clock network: CLK_BUFGP
--------------------------------------------------------------------------------


All constraints were met.


Data Sheet report:
-----------------
All values displayed in nanoseconds (ns)

Clock to Setup on destination clock CLK
---------------+---------+---------+---------+---------+
               | Src:Rise| Src:Fall| Src:Rise| Src:Fall|
Source Clock   |Dest:Rise|Dest:Rise|Dest:Fall|Dest:Fall|
---------------+---------+---------+---------+---------+
CLK            |    2.213|         |         |         |
---------------+---------+---------+---------+---------+


Timing summary:
---------------

Timing errors: 0  Score: 0  (Setup/Max: 0, Hold: 0)

Constraints cover 1 paths, 0 nets, and 3 connections

Design statistics:
   Minimum period:   2.213ns{1}   (Maximum frequency: 451.875MHz)


------------------------------------Footnotes-----------------------------------
1)  The minimum period statistic assumes all single cycle delays.

Analysis completed Thu Feb 16 22:33:53 2017 
--------------------------------------------------------------------------------

Trace Settings:
-------------------------
Trace Settings 

Peak Memory Usage: 193 MB



